<?xml version="1.0" encoding="UTF-8"?>
<!-- Generated by org.testng.reporters.JUnitReportReporter -->
<testsuite hostname="gopika-pc" name="parallel.tests.Tests" tests="2" failures="0" timestamp="30 Apr 2016 19:30:12 GMT" time="463.596" errors="0">
  <testcase name="testMethod1" time="208.417" classname="parallel.tests.Tests"/>
  <testcase name="testMethod2" time="255.179" classname="parallel.tests.Tests"/>
</testsuite> <!-- parallel.tests.Tests -->
