<?xml version="1.0" encoding="UTF-8"?>
<!-- Generated by org.testng.reporters.JUnitReportReporter -->
<testsuite hostname="gopika-pc" name="organized.chaos.ThreadLocalDemo" tests="2" failures="0" timestamp="24 Apr 2016 10:31:10 GMT" time="37.900" errors="0">
  <testcase name="testMethod1" time="25.305" classname="organized.chaos.ThreadLocalDemo"/>
  <testcase name="testMethod2" time="12.595" classname="organized.chaos.ThreadLocalDemo"/>
</testsuite> <!-- organized.chaos.ThreadLocalDemo -->
