<?xml version="1.0" encoding="UTF-8"?>
<!-- Generated by org.testng.reporters.JUnitReportReporter -->
<testsuite hostname="gopika-pc" name="parallel.tests.Tests_02" tests="1" failures="0" timestamp="30 Apr 2016 19:48:35 GMT" time="8.112" errors="0">
  <testcase name="testMethod1" time="8.112" classname="parallel.tests.Tests_02"/>
</testsuite> <!-- parallel.tests.Tests_02 -->
